<?xml version="1.0" encoding="UTF-8"?>
<!-- Generated by org.testng.reporters.JUnitReportReporter -->
<testsuite skipped="0" hostname="ManzoorIlahiHunagund-MacBook.local" name="testScripts.validateLogin" tests="1" failures="0" timestamp="16 Feb 2018 01:15:42 GMT" time="2.376" errors="0">
  <testcase name="checkLogin" time="2.376" classname="testScripts.validateLogin"/>
</testsuite> <!-- testScripts.validateLogin -->
