<?xml version="1.0" encoding="UTF-8"?>
<!-- Generated by org.testng.reporters.JUnitReportReporter -->
<testsuite skipped="0" hostname="ManzoorIlahiHunagund-MacBook.local" name="testScripts.validateLoginTest" tests="5" failures="0" timestamp="22 Feb 2018 02:55:00 GMT" time="15.928" errors="0">
  <testcase name="checkInvalidLogin" time="3.242" classname="testScripts.validateLoginTest"/>
  <testcase name="checkInvalidLogin" time="3.357" classname="testScripts.validateLoginTest"/>
  <testcase name="checkInvalidLogin" time="3.465" classname="testScripts.validateLoginTest"/>
  <testcase name="checkInvalidLogin" time="3.411" classname="testScripts.validateLoginTest"/>
  <testcase name="acheckLogin" time="2.453" classname="testScripts.validateLoginTest"/>
</testsuite> <!-- testScripts.validateLoginTest -->
